Name                              Stmts   Miss Branch BrPart  Cover   Missing
-----------------------------------------------------------------------------
actions.py                           66      4      2      1    93%   53, 86, 221->224, 243, 259
agent_card.py                       117    117     16      0     0%   9-266
bookhouse_client.py                 100     75     30      0    19%   46-60, 64, 72-92, 97-105, 115-119, 125-126, 136-138, 156-160, 165-167, 172-183, 188-190, 195-197, 208-225, 234-243
bridge_v7_adapter.py                270     97     76     15    58%   144, 160, 164, 202, 256-289, 349->356, 357-360, 369->374, 372, 389, 420-442, 451-476, 499->505, 501-502, 506-509, 520, 535, 550-568, 578, 641-642, 669-671, 683-717, 736, 749, 763-767, 778-810, 814-815, 837
bridge_v7_server.py                1022    604    204      9    36%   78-82, 149-157, 163->165, 182, 237-239, 243-262, 277, 299-301, 971->973, 974-975, 988-994, 1000, 1014-1015, 1021-1027, 1033-1042, 1057-1101, 1122-1139, 1149-1152, 1172-1189, 1208-1243, 1257-1267, 1303-1305, 1318-1353, 1365-1384, 1390-1393, 1408-1412, 1439-1442, 1451-1453, 1459-1470, 1476-1477, 1483-1491, 1506, 1523-1539, 1550-1551, 1570-1611, 1623-1624, 1637-1670, 1676-1677, 1698-1732, 1738-1788, 1794-1798, 1804, 1863, 1868, 1871, 1883-1884, 1918-1919, 1937-1938, 2070-2078, 2089-2113, 2767-2768, 2789-2891, 2909-2915, 2920-2926, 2931-2933, 2938-2939, 2944-2945, 3092-3093, 3097-3098, 3133-3139, 3145-3160, 3166-3176, 3182-3190, 3196-3197, 3220-3246, 3273-3303, 3309-3315, 3321-3331, 3336-3337, 3351-3355, 3369-3392, 3402-3419, 3428-3433, 3446-3463, 3469, 3487-3508, 3517-3535, 3544-3564, 3573-3594, 3605-3627, 3635, 3641, 3647, 3653, 3659, 3665, 3671-3681
condition_verifier.py               193      9     60      5    94%   182-183, 348, 379, 392, 395, 432-433, 477
config.py                            50      0     10      2    97%   70->67, 91->89
conftest.py                          17      1      2      1    89%   18
event_store.py                      201     15     38      7    91%   193-195, 206, 209-211, 259, 262-263, 291-292, 327, 345->348, 349-350
event_stream.py                     185      6     38      2    96%   187->185, 289, 292, 310-311, 346, 367
experiment_archiver.py              106      8     32      3    91%   125, 142-146, 161->160, 261, 355
failsafe_guardian.py                351    351     90      0     0%   1-653
group_chat.py                       139     52     34      5    57%   141-142, 144-145, 232, 245-249, 259, 296-297, 312-325, 344-397, 401-424, 438-450, 454
hardware_profile.py                 118     36     16      4    70%   60, 116-118, 127->139, 129->139, 133-136, 141-142, 159, 169, 241-266
indirect_injection_guard.py         156    156     66      0     0%   11-342
knowledge_pruner.py                 127    127     70      0     0%   15-262
log_sanitizer.py                     16      1     10      1    92%   38
logging_config.py                    10      0      0      0   100%
memory_evolution.py                 507     69    154     18    83%   224-225, 245->exit, 393->392, 427, 439->438, 478, 546->552, 556-566, 572, 577, 588-611, 617, 631->625, 666, 672-689, 697, 704-706, 860, 961, 1008-1022, 1048->1050
messaging_gateway.py                303     31     70     15    87%   104, 209-210, 224, 247, 257, 261-262, 266, 338, 357->exit, 386, 387->384, 394-400, 414->exit, 441, 446, 451, 455, 489, 513, 544, 559, 596, 603, 669->675, 682-683, 727
middleware.py                        42      1      0      0    98%   116
model_router.py                     277     97     80     12    62%   83, 94, 117, 157-158, 164-167, 189-243, 261->exit, 284-287, 289->297, 295, 323, 344-373, 415-418, 434-436, 441-444, 454-462, 480-486, 503, 538->537
modes.py                            165     50     50     13    63%   130->135, 133-134, 150-153, 172->180, 175-177, 183, 192->197, 195-196, 198, 205, 212, 224->223, 235-236, 242-247, 271, 287->299, 290-296, 310, 353-375
observations.py                      75      8      0      0    89%   53, 153-154, 174, 195, 214, 236, 256
openbridge\__init__.py               12     12      2      0     0%   12-33
openbridge\__main__.py                1      1      0      0     0%   2
permission_guard.py                  77     32     16      0    48%   146-175, 187-197, 209-227, 244-249, 254
plugin_registry.py                  392    179    144     25    49%   150, 162, 174, 228, 232-239, 244, 249, 270, 274->276, 279, 281, 292->291, 294->291, 302, 306, 316, 320, 330, 338-343, 366->363, 382, 384, 392, 412-425, 436-444, 450-473, 480-481, 489->491, 498-499, 527-532, 538-553, 557-564, 568-577, 587-610, 618-619, 625-638, 642-655, 659-673, 679-695, 699-715, 719, 728-738, 747-787, 806-808
plugin_sandbox.py                   196     32     48      7    83%   123->132, 125->132, 127, 145-150, 161, 185, 192-202, 212, 314-335, 374-392
plugin_signing.py                   103     32     16      5    66%   75-78, 91-96, 113-114, 125-149, 171-174, 202, 212
prompt_security.py                   22      0      4      0   100%
providers\__init__.py                 5      0      0      0   100%
providers\base_provider.py          101      2      4      0    98%   162, 167
providers\deepseek_provider.py       88     22     12      2    72%   38, 100-101, 109-110, 116-120, 131-142
providers\glm_provider.py            89     23     12      2    71%   38, 100-101, 109-110, 116-120, 131-143
providers\llama_cpp_provider.py      68     39      6      1    41%   47-101, 108->110, 111-119
providers\ocr_provider.py           123    123     10      0     0%   11-203
providers\stt_provider.py            90     90      8      0     0%   11-171
providers\tts_provider.py           112    112     14      0     0%   11-214
providers\vision_provider.py        183    183      8      0     0%   18-379
ratchet_loop.py                     359     71     80     18    77%   127->129, 129->131, 131->exit, 180-183, 262-264, 287, 295, 298-299, 306->326, 330->284, 339-351, 360-362, 439-455, 495-501, 530-532, 550-554, 567->569, 611->629, 622-624, 656, 659, 672-701, 729-732, 752-753
rate_limiter.py                     100     27     20      8    68%   60, 65-67, 85-87, 91-97, 102-104, 128->131, 136-137, 184, 186, 188, 190, 221, 225-231, 244
skill_quality.py                    520     52    208     37    87%   165, 316, 318->314, 322-325, 370-371, 375-376, 400, 440, 469->474, 476-477, 482-485, 487-488, 493-494, 513-520, 525-526, 531-532, 563, 585, 632, 650->673, 659-660, 670-671, 712, 730->737, 738-739, 743, 763-764, 817, 819, 833, 835, 862, 915->923, 923->930, 951->956, 956->961, 968, 972
skill_router.py                     174     11     54      8    91%   74, 165->167, 213, 259, 269-272, 309, 319->300, 337-338, 407->412, 415
skill_router_v2.py                  103     26     26      5    71%   123-124, 125->127, 264-282, 330-343, 364-365, 370
skill_validator.py                  143    143     52      0     0%   9-269
soul_config.py                      283     40     94     21    77%   356-361, 365->375, 371-372, 436->439, 450->454, 456-463, 476-484, 491-492, 497-503, 514-515, 528-537, 548-549, 564->567, 575->580, 580->586, 586->595, 595->603, 610->613, 613->616, 616->626, 620->618, 622->618, 626->634, 710->715
theme_manager.py                    152     16     52      6    87%   144-145, 160, 163->161, 166-167, 205, 261-262, 266, 282->284, 292-298
workflow_engine.py                  362     47    140     22    84%   162-164, 172-180, 240-241, 268-269, 277, 279-284, 326->323, 332-337, 343-344, 391, 405, 457->456, 465, 472, 479, 494->493, 574, 590, 620->571, 624-626, 638->637, 666, 680-681, 688-690, 710-726
worktree_manager.py                 364     53    106     22    81%   122->124, 124->127, 127->130, 131-134, 185, 192->191, 213->217, 219, 249, 254->256, 257, 274-278, 359, 372->exit, 452, 468-472, 477-479, 523, 545->547, 550-553, 570, 579-580, 590, 599-600, 620, 632-659, 666, 729-734, 756->758, 775->778
worktree_subscribers.py             141     34     40      9    71%   66, 115->exit, 121->exit, 122->121, 191, 193, 203-205, 213->212, 216->212, 224-225, 229-262, 267-273
ws_manager.py                       223    121     52      2    44%   98, 121-123, 126, 150-153, 157-159, 163-184, 245-247, 251-260, 264-274, 323-414, 424-458, 483-507
-----------------------------------------------------------------------------
TOTAL                              9199   3438   2376    313    60%
